<?xml version="1.0" encoding="UTF-8"?>
<robot generator="Robot 6.1.1 (Python 3.12.1 on win32)" generated="20240102 11:55:54.127" rpa="false" schemaversion="4">
<suite id="s1" name="Pylib" source="C:\python\pycharm\pythonpytest\pylib">
<suite id="s1-s1" name="Base64" source="C:\python\pycharm\pythonpytest\pylib\base64.robot">
<test id="s1-s1-t1" name="Use Custom" line="6">
<kw name="Encoding" library="base64py">
<var>${base64}</var>
<arg>This is a Test String</arg>
<doc>Encode string as base64.</doc>
<msg timestamp="20240102 11:55:54.217" level="INFO">${base64} = VGhpcyBpcyBhIFRlc3QgU3RyaW5n</msg>
<status status="PASS" starttime="20240102 11:55:54.216" endtime="20240102 11:55:54.217"/>
</kw>
<kw name="Log" library="BuiltIn">
<arg>${base64}</arg>
<doc>Logs the given message with the given level.</doc>
<msg timestamp="20240102 11:55:54.219" level="INFO">VGhpcyBpcyBhIFRlc3QgU3RyaW5n</msg>
<status status="PASS" starttime="20240102 11:55:54.218" endtime="20240102 11:55:54.219"/>
</kw>
<kw name="Decoding" library="base64py">
<var>${decode}</var>
<arg>${base64}</arg>
<doc>Decode string as base64.</doc>
<msg timestamp="20240102 11:55:54.224" level="INFO">${decode} = This is a Test String</msg>
<status status="PASS" starttime="20240102 11:55:54.223" endtime="20240102 11:55:54.224"/>
</kw>
<kw name="Log" library="BuiltIn">
<arg>${decode}</arg>
<doc>Logs the given message with the given level.</doc>
<msg timestamp="20240102 11:55:54.226" level="INFO">This is a Test String</msg>
<status status="PASS" starttime="20240102 11:55:54.225" endtime="20240102 11:55:54.226"/>
</kw>
<status status="PASS" starttime="20240102 11:55:54.215" endtime="20240102 11:55:54.232"/>
</test>
<status status="PASS" starttime="20240102 11:55:54.195" endtime="20240102 11:55:54.255"/>
</suite>
<status status="PASS" starttime="20240102 11:55:54.132" endtime="20240102 11:55:54.259"/>
</suite>
<statistics>
<total>
<stat pass="1" fail="0" skip="0">All Tests</stat>
</total>
<tag>
</tag>
<suite>
<stat pass="1" fail="0" skip="0" id="s1" name="Pylib">Pylib</stat>
<stat pass="1" fail="0" skip="0" id="s1-s1" name="Base64">Pylib.Base64</stat>
</suite>
</statistics>
<errors>
</errors>
</robot>
